<?xml version="1.0" encoding="UTF-8"?>
<!-- Generated by org.testng.reporters.JUnitXMLReporter -->
<testsuite ignored="0" hostname="NEHRU-LAPTOP" failures="0" tests="1" name="pending leave request test case" time="0.027" errors="0" timestamp="2021-09-01T16:06:58 BST">
  <testcase classname="commonfunction.commonfunctions" name="@BeforeSuite launchbrowser" time="0.008">
    <failure type="java.io.FileNotFoundException" message="config.properties (The system cannot find the file specified)">
      <![CDATA[java.io.FileNotFoundException: config.properties (The system cannot find the file specified)
at java.base/java.io.FileInputStream.open0(Native Method)
at java.base/java.io.FileInputStream.open(FileInputStream.java:211)
at java.base/java.io.FileInputStream.<init>(FileInputStream.java:153)
at java.base/java.io.FileInputStream.<init>(FileInputStream.java:108)
at commonfunction.commonfunctions.loadpropertyfile(commonfunctions.java:19)
at commonfunction.commonfunctions.launchbrowser(commonfunctions.java:30)
... Removed 19 stack frames]]>
    </failure>
  </testcase> <!-- @BeforeSuite launchbrowser -->
  <testcase classname="testcases.testpendingleaverequest" name="verifypendingleaverequest" time="0.0">
    <skipped/>
  </testcase> <!-- verifypendingleaverequest -->
</testsuite> <!-- pending leave request test case -->
